[20Jun2021 21:57:04.642] [main/INFO] [cpw.mods.modlauncher.Launcher/MODLAUNCHER]: ModLauncher running: args [--gameDir, ., --launchTarget, fmluserdevclient, --fml.mcpVersion, 20210115.111550, --fml.mcVersion, 1.16.5, --fml.forgeGroup, net.minecraftforge, --fml.forgeVersion, 36.1.32, --version, MOD_DEV, --assetIndex, 1.16, --assetsDir, /home/timgor/.gradle/caches/forge_gradle/assets, --username, Dev, --accessToken, ❄❄❄❄❄❄❄❄, --userProperties, {}]
[20Jun2021 21:57:04.646] [main/INFO] [cpw.mods.modlauncher.Launcher/MODLAUNCHER]: ModLauncher 8.0.9+86+master.3cf110c starting: java version 11.0.7 by Ubuntu
[20Jun2021 21:57:04.814] [main/INFO] [net.minecraftforge.fml.loading.FixSSL/CORE]: Added Lets Encrypt root certificates as additional trust
[20Jun2021 21:57:04.854] [main/INFO] [mixin/]: SpongePowered MIXIN Subsystem Version=0.8.2 Source=file:/home/timgor/.gradle/caches/modules-2/files-2.1/org.spongepowered/mixin/0.8.2/1cf212283d26f706fd3074318870bebd14d2a9ed/mixin-0.8.2.jar Service=ModLauncher Env=CLIENT
[20Jun2021 21:57:05.607] [main/INFO] [STDERR/]: [jdk.nashorn.api.scripting.NashornScriptEngine:<init>:143]: Warning: Nashorn engine is planned to be removed from a future JDK release
[20Jun2021 21:57:05.664] [main/INFO] [STDERR/]: [jdk.nashorn.api.scripting.NashornScriptEngine:<init>:143]: Warning: Nashorn engine is planned to be removed from a future JDK release
[20Jun2021 21:57:05.668] [main/INFO] [STDERR/]: [jdk.nashorn.api.scripting.NashornScriptEngine:<init>:143]: Warning: Nashorn engine is planned to be removed from a future JDK release
[20Jun2021 21:57:06.249] [main/INFO] [cpw.mods.modlauncher.LaunchServiceHandler/MODLAUNCHER]: Launching target 'fmluserdevclient' with arguments [--version, MOD_DEV, --gameDir, ., --assetsDir, /home/timgor/.gradle/caches/forge_gradle/assets, --assetIndex, 1.16, --username, Dev, --accessToken, ❄❄❄❄❄❄❄❄, --userProperties, {}]
[20Jun2021 21:57:09.930] [Render thread/INFO] [com.mojang.authlib.yggdrasil.YggdrasilAuthenticationService/]: Environment: authHost='https://authserver.mojang.com', accountsHost='https://api.mojang.com', sessionHost='https://sessionserver.mojang.com', servicesHost='https://api.minecraftservices.com', name='PROD'
[20Jun2021 21:57:10.290] [Render thread/ERROR] [net.minecraft.client.Minecraft/]: Failed to verify authentication
com.mojang.authlib.exceptions.AuthenticationUnavailableException: null
	at com.mojang.authlib.yggdrasil.YggdrasilSocialInteractionsService.checkPrivileges(YggdrasilSocialInteractionsService.java:97) ~[authlib-2.1.28.jar:?]
	at com.mojang.authlib.yggdrasil.YggdrasilSocialInteractionsService.<init>(YggdrasilSocialInteractionsService.java:40) ~[authlib-2.1.28.jar:?]
	at com.mojang.authlib.yggdrasil.YggdrasilAuthenticationService.createSocialInteractionsService(YggdrasilAuthenticationService.java:152) ~[authlib-2.1.28.jar:?]
	at net.minecraft.client.Minecraft.createSocialInteractions(Minecraft.java:551) ~[forge-1.16.5-36.1.32_mapped_official_1.16.5-recomp.jar:?]
	at net.minecraft.client.Minecraft.<init>(Minecraft.java:383) ~[forge-1.16.5-36.1.32_mapped_official_1.16.5-recomp.jar:?]
	at net.minecraft.client.main.Main.main(Main.java:149) ~[forge-1.16.5-36.1.32_mapped_official_1.16.5-recomp.jar:?]
	at jdk.internal.reflect.NativeMethodAccessorImpl.invoke0(Native Method) ~[?:?]
	at jdk.internal.reflect.NativeMethodAccessorImpl.invoke(NativeMethodAccessorImpl.java:62) ~[?:?]
	at jdk.internal.reflect.DelegatingMethodAccessorImpl.invoke(DelegatingMethodAccessorImpl.java:43) ~[?:?]
	at java.lang.reflect.Method.invoke(Method.java:566) ~[?:?]
	at net.minecraftforge.userdev.FMLUserdevClientLaunchProvider.lambda$launchService$0(FMLUserdevClientLaunchProvider.java:52) ~[forge-1.16.5-36.1.32_mapped_official_1.16.5-recomp.jar:?]
	at cpw.mods.modlauncher.LaunchServiceHandlerDecorator.launch(LaunchServiceHandlerDecorator.java:37) [modlauncher-8.0.9.jar:?]
	at cpw.mods.modlauncher.LaunchServiceHandler.launch(LaunchServiceHandler.java:54) [modlauncher-8.0.9.jar:?]
	at cpw.mods.modlauncher.LaunchServiceHandler.launch(LaunchServiceHandler.java:72) [modlauncher-8.0.9.jar:?]
	at cpw.mods.modlauncher.Launcher.run(Launcher.java:82) [modlauncher-8.0.9.jar:?]
	at cpw.mods.modlauncher.Launcher.main(Launcher.java:66) [modlauncher-8.0.9.jar:?]
	at net.minecraftforge.userdev.LaunchTesting.main(LaunchTesting.java:105) [forge-1.16.5-36.1.32_mapped_official_1.16.5-recomp.jar:?]
[20Jun2021 21:57:10.297] [Render thread/INFO] [net.minecraft.client.Minecraft/]: Setting user: Dev
[20Jun2021 21:57:10.379] [Render thread/INFO] [net.minecraft.client.Minecraft/]: Backend library: LWJGL version 3.2.2 build 10
[20Jun2021 21:57:10.799] [Render thread/FATAL] [net.minecraftforge.fml.ModLoader/LOADING]: File /home/timgor/kiln/build/resources/main constructed 0 mods: [], but had 1 mods specified: [kiln]
[20Jun2021 21:57:10.830] [Render thread/FATAL] [net.minecraftforge.fml.ModLoader/CORE]: Failed to initialize mod containers
net.minecraftforge.fml.ModLoadingException: The Mod File /home/timgor/kiln/build/resources/main has mods that were not found
	at net.minecraftforge.fml.ModLoader.buildMods(ModLoader.java:283) ~[forge-1.16.5-36.1.32_mapped_official_1.16.5-recomp.jar:?]
	at net.minecraftforge.fml.ModLoader.lambda$gatherAndInitializeMods$11(ModLoader.java:177) ~[forge-1.16.5-36.1.32_mapped_official_1.16.5-recomp.jar:?]
	at java.util.stream.ReferencePipeline$3$1.accept(ReferencePipeline.java:195) ~[?:?]
	at java.util.stream.ReferencePipeline$3$1.accept(ReferencePipeline.java:195) ~[?:?]
	at java.util.ArrayList$ArrayListSpliterator.forEachRemaining(ArrayList.java:1654) ~[?:?]
	at java.util.stream.AbstractPipeline.copyInto(AbstractPipeline.java:484) ~[?:?]
	at java.util.stream.AbstractPipeline.wrapAndCopyInto(AbstractPipeline.java:474) ~[?:?]
	at java.util.stream.ReduceOps$ReduceOp.evaluateSequential(ReduceOps.java:913) ~[?:?]
	at java.util.stream.AbstractPipeline.evaluate(AbstractPipeline.java:234) ~[?:?]
	at java.util.stream.ReferencePipeline.collect(ReferencePipeline.java:578) ~[?:?]
	at net.minecraftforge.fml.ModLoader.gatherAndInitializeMods(ModLoader.java:179) ~[forge-1.16.5-36.1.32_mapped_official_1.16.5-recomp.jar:?]
	at net.minecraftforge.fml.client.ClientModLoader.lambda$begin$1(ClientModLoader.java:103) ~[forge-1.16.5-36.1.32_mapped_official_1.16.5-recomp.jar:?]
	at net.minecraftforge.fml.client.ClientModLoader.lambda$createRunnableWithCatch$4(ClientModLoader.java:123) ~[forge-1.16.5-36.1.32_mapped_official_1.16.5-recomp.jar:?]
	at net.minecraftforge.fml.client.ClientModLoader.begin(ClientModLoader.java:103) ~[forge-1.16.5-36.1.32_mapped_official_1.16.5-recomp.jar:?]
	at net.minecraft.client.Minecraft.<init>(Minecraft.java:437) ~[forge-1.16.5-36.1.32_mapped_official_1.16.5-recomp.jar:?]
	at net.minecraft.client.main.Main.main(Main.java:149) ~[forge-1.16.5-36.1.32_mapped_official_1.16.5-recomp.jar:?]
	at jdk.internal.reflect.NativeMethodAccessorImpl.invoke0(Native Method) ~[?:?]
	at jdk.internal.reflect.NativeMethodAccessorImpl.invoke(NativeMethodAccessorImpl.java:62) ~[?:?]
	at jdk.internal.reflect.DelegatingMethodAccessorImpl.invoke(DelegatingMethodAccessorImpl.java:43) ~[?:?]
	at java.lang.reflect.Method.invoke(Method.java:566) ~[?:?]
	at net.minecraftforge.userdev.FMLUserdevClientLaunchProvider.lambda$launchService$0(FMLUserdevClientLaunchProvider.java:52) ~[forge-1.16.5-36.1.32_mapped_official_1.16.5-recomp.jar:?]
	at cpw.mods.modlauncher.LaunchServiceHandlerDecorator.launch(LaunchServiceHandlerDecorator.java:37) [modlauncher-8.0.9.jar:?]
	at cpw.mods.modlauncher.LaunchServiceHandler.launch(LaunchServiceHandler.java:54) [modlauncher-8.0.9.jar:?]
	at cpw.mods.modlauncher.LaunchServiceHandler.launch(LaunchServiceHandler.java:72) [modlauncher-8.0.9.jar:?]
	at cpw.mods.modlauncher.Launcher.run(Launcher.java:82) [modlauncher-8.0.9.jar:?]
	at cpw.mods.modlauncher.Launcher.main(Launcher.java:66) [modlauncher-8.0.9.jar:?]
	at net.minecraftforge.userdev.LaunchTesting.main(LaunchTesting.java:105) [forge-1.16.5-36.1.32_mapped_official_1.16.5-recomp.jar:?]
[20Jun2021 21:57:10.899] [Render thread/ERROR] [net.minecraftforge.fml.ModLoader/]: Cowardly refusing to send event net.minecraftforge.client.event.sound.SoundLoadEvent to a broken mod state
[20Jun2021 21:57:10.994] [Render thread/ERROR] [net.minecraftforge.fml.ModLoader/]: Cowardly refusing to send event net.minecraftforge.client.event.ColorHandlerEvent$Block to a broken mod state
[20Jun2021 21:57:10.998] [Render thread/ERROR] [net.minecraftforge.fml.ModLoader/]: Cowardly refusing to send event net.minecraftforge.client.event.ColorHandlerEvent$Item to a broken mod state
[20Jun2021 21:57:11.583] [Render thread/ERROR] [net.minecraftforge.fml.ModLoader/]: Cowardly refusing to send event net.minecraftforge.client.event.ParticleFactoryRegisterEvent to a broken mod state
[20Jun2021 21:57:11.639] [Render thread/INFO] [com.mojang.text2speech.NarratorLinux/]: Narrator library successfully loaded
[20Jun2021 21:57:11.691] [Render thread/INFO] [net.minecraft.resources.SimpleReloadableResourceManager/]: Reloading ResourceManager: Default
[20Jun2021 21:57:11.881] [Worker-Main-11/ERROR] [net.minecraftforge.fml.ModLoader/]: Cowardly refusing to send event net.minecraftforge.client.event.ModelRegistryEvent to a broken mod state
[20Jun2021 21:57:11.895] [Worker-Main-12/ERROR] [net.minecraftforge.fml.ModLoader/]: Cowardly refusing to send event net.minecraftforge.client.event.TextureStitchEvent$Pre to a broken mod state
[20Jun2021 21:57:11.896] [Worker-Main-10/ERROR] [net.minecraftforge.fml.ModLoader/]: Cowardly refusing to send event net.minecraftforge.client.event.TextureStitchEvent$Pre to a broken mod state
[20Jun2021 21:57:11.901] [Worker-Main-14/ERROR] [net.minecraftforge.fml.ModLoader/]: Cowardly refusing to send event net.minecraftforge.client.event.TextureStitchEvent$Pre to a broken mod state
[20Jun2021 21:57:13.990] [Worker-Main-11/ERROR] [net.minecraftforge.fml.ModLoader/]: Cowardly refusing to send event net.minecraftforge.client.event.TextureStitchEvent$Pre to a broken mod state
[20Jun2021 21:57:14.449] [Worker-Main-11/ERROR] [net.minecraftforge.fml.ModLoader/]: Cowardly refusing to send event net.minecraftforge.client.event.TextureStitchEvent$Pre to a broken mod state
[20Jun2021 21:57:14.459] [Worker-Main-11/ERROR] [net.minecraftforge.fml.ModLoader/]: Cowardly refusing to send event net.minecraftforge.client.event.TextureStitchEvent$Pre to a broken mod state
[20Jun2021 21:57:14.474] [Worker-Main-11/ERROR] [net.minecraftforge.fml.ModLoader/]: Cowardly refusing to send event net.minecraftforge.client.event.TextureStitchEvent$Pre to a broken mod state
[20Jun2021 21:57:14.485] [Worker-Main-11/ERROR] [net.minecraftforge.fml.ModLoader/]: Cowardly refusing to send event net.minecraftforge.client.event.TextureStitchEvent$Pre to a broken mod state
[20Jun2021 21:57:14.488] [Worker-Main-11/ERROR] [net.minecraftforge.fml.ModLoader/]: Cowardly refusing to send event net.minecraftforge.client.event.TextureStitchEvent$Pre to a broken mod state
[20Jun2021 21:57:14.496] [Worker-Main-11/ERROR] [net.minecraftforge.fml.ModLoader/]: Cowardly refusing to send event net.minecraftforge.client.event.TextureStitchEvent$Pre to a broken mod state
[20Jun2021 21:57:15.005] [Render thread/INFO] [net.minecraft.client.audio.SoundSystem/]: OpenAL initialized.
[20Jun2021 21:57:15.010] [Render thread/INFO] [net.minecraft.client.audio.SoundEngine/SOUNDS]: Sound engine started
[20Jun2021 21:57:15.340] [Render thread/INFO] [net.minecraft.client.renderer.texture.AtlasTexture/]: Created: 1024x512x4 minecraft:textures/atlas/blocks.png-atlas
[20Jun2021 21:57:15.368] [Render thread/ERROR] [net.minecraftforge.fml.ModLoader/]: Cowardly refusing to send event net.minecraftforge.client.event.TextureStitchEvent$Post to a broken mod state
[20Jun2021 21:57:15.369] [Render thread/INFO] [net.minecraft.client.renderer.texture.AtlasTexture/]: Created: 256x128x4 minecraft:textures/atlas/signs.png-atlas
[20Jun2021 21:57:15.369] [Render thread/ERROR] [net.minecraftforge.fml.ModLoader/]: Cowardly refusing to send event net.minecraftforge.client.event.TextureStitchEvent$Post to a broken mod state
[20Jun2021 21:57:15.370] [Render thread/INFO] [net.minecraft.client.renderer.texture.AtlasTexture/]: Created: 512x512x4 minecraft:textures/atlas/banner_patterns.png-atlas
[20Jun2021 21:57:15.371] [Render thread/ERROR] [net.minecraftforge.fml.ModLoader/]: Cowardly refusing to send event net.minecraftforge.client.event.TextureStitchEvent$Post to a broken mod state
[20Jun2021 21:57:15.371] [Render thread/INFO] [net.minecraft.client.renderer.texture.AtlasTexture/]: Created: 512x512x4 minecraft:textures/atlas/shield_patterns.png-atlas
[20Jun2021 21:57:15.373] [Render thread/ERROR] [net.minecraftforge.fml.ModLoader/]: Cowardly refusing to send event net.minecraftforge.client.event.TextureStitchEvent$Post to a broken mod state
[20Jun2021 21:57:15.373] [Render thread/INFO] [net.minecraft.client.renderer.texture.AtlasTexture/]: Created: 256x256x4 minecraft:textures/atlas/chest.png-atlas
[20Jun2021 21:57:15.373] [Render thread/ERROR] [net.minecraftforge.fml.ModLoader/]: Cowardly refusing to send event net.minecraftforge.client.event.TextureStitchEvent$Post to a broken mod state
[20Jun2021 21:57:15.373] [Render thread/INFO] [net.minecraft.client.renderer.texture.AtlasTexture/]: Created: 512x256x4 minecraft:textures/atlas/beds.png-atlas
[20Jun2021 21:57:15.374] [Render thread/ERROR] [net.minecraftforge.fml.ModLoader/]: Cowardly refusing to send event net.minecraftforge.client.event.TextureStitchEvent$Post to a broken mod state
[20Jun2021 21:57:15.374] [Render thread/INFO] [net.minecraft.client.renderer.texture.AtlasTexture/]: Created: 512x256x4 minecraft:textures/atlas/shulker_boxes.png-atlas
[20Jun2021 21:57:15.375] [Render thread/ERROR] [net.minecraftforge.fml.ModLoader/]: Cowardly refusing to send event net.minecraftforge.client.event.TextureStitchEvent$Post to a broken mod state
[20Jun2021 21:57:15.791] [Render thread/ERROR] [net.minecraftforge.fml.ModLoader/]: Cowardly refusing to send event net.minecraftforge.client.event.ModelBakeEvent to a broken mod state
[20Jun2021 21:57:15.980] [Render thread/INFO] [net.minecraft.client.renderer.texture.AtlasTexture/]: Created: 256x256x0 minecraft:textures/atlas/particles.png-atlas
[20Jun2021 21:57:15.982] [Render thread/ERROR] [net.minecraftforge.fml.ModLoader/]: Cowardly refusing to send event net.minecraftforge.client.event.TextureStitchEvent$Post to a broken mod state
[20Jun2021 21:57:15.983] [Render thread/INFO] [net.minecraft.client.renderer.texture.AtlasTexture/]: Created: 256x256x0 minecraft:textures/atlas/paintings.png-atlas
[20Jun2021 21:57:15.984] [Render thread/ERROR] [net.minecraftforge.fml.ModLoader/]: Cowardly refusing to send event net.minecraftforge.client.event.TextureStitchEvent$Post to a broken mod state
[20Jun2021 21:57:15.984] [Render thread/INFO] [net.minecraft.client.renderer.texture.AtlasTexture/]: Created: 128x128x0 minecraft:textures/atlas/mob_effects.png-atlas
[20Jun2021 21:57:15.984] [Render thread/ERROR] [net.minecraftforge.fml.ModLoader/]: Cowardly refusing to send event net.minecraftforge.client.event.TextureStitchEvent$Post to a broken mod state
[20Jun2021 21:57:16.018] [Render thread/INFO] [STDOUT/]: [net.minecraft.crash.CrashReport:addCategory:196]: Negative index in crash report handler (21/23)
[20Jun2021 21:57:16.028] [Render thread/FATAL] [net.minecraftforge.fml.client.ClientModLoader/]: Crash report saved to ./crash-reports/crash-2021-06-20_21.57.16-fml.txt
